Analysis & Synthesis report for n-byte_uart
Wed May 30 01:14:34 2018
Quartus Prime Version 17.1.0 Build 590 10/25/2017 SJ Lite Edition


---------------------
; Table of Contents ;
---------------------
  1. Legal Notice
  2. Analysis & Synthesis Summary
  3. Analysis & Synthesis Settings
  4. Parallel Compilation
  5. Analysis & Synthesis Source Files Read
  6. Analysis & Synthesis Resource Usage Summary
  7. Analysis & Synthesis Resource Utilization by Entity
  8. State Machine - |n_byte_uart|UART_nByte:UART_nByte_i|curr_state
  9. State Machine - |n_byte_uart|UART_nByte:UART_nByte_i|UART_R:UART_R_i|curr_state
 10. Registers Removed During Synthesis
 11. General Register Statistics
 12. Inverted Register Statistics
 13. Multiplexer Restructuring Statistics (Restructuring Performed)
 14. Parameter Settings for User Entity Instance: Top-level Entity: |n_byte_uart
 15. Parameter Settings for User Entity Instance: UART_nByte:UART_nByte_i
 16. Parameter Settings for User Entity Instance: UART_nByte:UART_nByte_i|UART_R:UART_R_i
 17. Post-Synthesis Netlist Statistics for Top Partition
 18. Elapsed Time Per Partition
 19. Analysis & Synthesis Messages



----------------
; Legal Notice ;
----------------
Copyright (C) 2017  Intel Corporation. All rights reserved.
Your use of Intel Corporation's design tools, logic functions 
and other software and tools, and its AMPP partner logic 
functions, and any output files from any of the foregoing 
(including device programming or simulation files), and any 
associated documentation or information are expressly subject 
to the terms and conditions of the Intel Program License 
Subscription Agreement, the Intel Quartus Prime License Agreement,
the Intel FPGA IP License Agreement, or other applicable license
agreement, including, without limitation, that your use is for
the sole purpose of programming logic devices manufactured by
Intel and sold by Intel or its authorized distributors.  Please
refer to the applicable agreement for further details.



+----------------------------------------------------------------------------------+
; Analysis & Synthesis Summary                                                     ;
+------------------------------------+---------------------------------------------+
; Analysis & Synthesis Status        ; Successful - Wed May 30 01:14:34 2018       ;
; Quartus Prime Version              ; 17.1.0 Build 590 10/25/2017 SJ Lite Edition ;
; Revision Name                      ; n-byte_uart                                 ;
; Top-level Entity Name              ; n_byte_uart                                 ;
; Family                             ; Cyclone IV E                                ;
; Total logic elements               ; 867                                         ;
;     Total combinational functions  ; 617                                         ;
;     Dedicated logic registers      ; 370                                         ;
; Total registers                    ; 370                                         ;
; Total pins                         ; 118                                         ;
; Total virtual pins                 ; 0                                           ;
; Total memory bits                  ; 0                                           ;
; Embedded Multiplier 9-bit elements ; 0                                           ;
; Total PLLs                         ; 0                                           ;
+------------------------------------+---------------------------------------------+


+----------------------------------------------------------------------------------------------------------------------+
; Analysis & Synthesis Settings                                                                                        ;
+----------------------------------------------------------------------------+--------------------+--------------------+
; Option                                                                     ; Setting            ; Default Value      ;
+----------------------------------------------------------------------------+--------------------+--------------------+
; Device                                                                     ; EP4CE115F29C7      ;                    ;
; Top-level entity name                                                      ; n_byte_uart        ; n-byte_uart        ;
; Family name                                                                ; Cyclone IV E       ; Cyclone V          ;
; Use smart compilation                                                      ; Off                ; Off                ;
; Enable parallel Assembler and TimeQuest Timing Analyzer during compilation ; On                 ; On                 ;
; Enable compact report table                                                ; Off                ; Off                ;
; Restructure Multiplexers                                                   ; Auto               ; Auto               ;
; Create Debugging Nodes for IP Cores                                        ; Off                ; Off                ;
; Preserve fewer node names                                                  ; On                 ; On                 ;
; Intel FPGA IP Evaluation Mode                                              ; Enable             ; Enable             ;
; Verilog Version                                                            ; Verilog_2001       ; Verilog_2001       ;
; VHDL Version                                                               ; VHDL_1993          ; VHDL_1993          ;
; State Machine Processing                                                   ; Auto               ; Auto               ;
; Safe State Machine                                                         ; Off                ; Off                ;
; Extract Verilog State Machines                                             ; On                 ; On                 ;
; Extract VHDL State Machines                                                ; On                 ; On                 ;
; Ignore Verilog initial constructs                                          ; Off                ; Off                ;
; Iteration limit for constant Verilog loops                                 ; 5000               ; 5000               ;
; Iteration limit for non-constant Verilog loops                             ; 250                ; 250                ;
; Add Pass-Through Logic to Inferred RAMs                                    ; On                 ; On                 ;
; Infer RAMs from Raw Logic                                                  ; On                 ; On                 ;
; Parallel Synthesis                                                         ; On                 ; On                 ;
; DSP Block Balancing                                                        ; Auto               ; Auto               ;
; NOT Gate Push-Back                                                         ; On                 ; On                 ;
; Power-Up Don't Care                                                        ; On                 ; On                 ;
; Remove Redundant Logic Cells                                               ; Off                ; Off                ;
; Remove Duplicate Registers                                                 ; On                 ; On                 ;
; Ignore CARRY Buffers                                                       ; Off                ; Off                ;
; Ignore CASCADE Buffers                                                     ; Off                ; Off                ;
; Ignore GLOBAL Buffers                                                      ; Off                ; Off                ;
; Ignore ROW GLOBAL Buffers                                                  ; Off                ; Off                ;
; Ignore LCELL Buffers                                                       ; Off                ; Off                ;
; Ignore SOFT Buffers                                                        ; On                 ; On                 ;
; Limit AHDL Integers to 32 Bits                                             ; Off                ; Off                ;
; Optimization Technique                                                     ; Balanced           ; Balanced           ;
; Carry Chain Length                                                         ; 70                 ; 70                 ;
; Auto Carry Chains                                                          ; On                 ; On                 ;
; Auto Open-Drain Pins                                                       ; On                 ; On                 ;
; Perform WYSIWYG Primitive Resynthesis                                      ; Off                ; Off                ;
; Auto ROM Replacement                                                       ; On                 ; On                 ;
; Auto RAM Replacement                                                       ; On                 ; On                 ;
; Auto DSP Block Replacement                                                 ; On                 ; On                 ;
; Auto Shift Register Replacement                                            ; Auto               ; Auto               ;
; Allow Shift Register Merging across Hierarchies                            ; Auto               ; Auto               ;
; Auto Clock Enable Replacement                                              ; On                 ; On                 ;
; Strict RAM Replacement                                                     ; Off                ; Off                ;
; Allow Synchronous Control Signals                                          ; On                 ; On                 ;
; Force Use of Synchronous Clear Signals                                     ; Off                ; Off                ;
; Auto RAM Block Balancing                                                   ; On                 ; On                 ;
; Auto RAM to Logic Cell Conversion                                          ; Off                ; Off                ;
; Auto Resource Sharing                                                      ; Off                ; Off                ;
; Allow Any RAM Size For Recognition                                         ; Off                ; Off                ;
; Allow Any ROM Size For Recognition                                         ; Off                ; Off                ;
; Allow Any Shift Register Size For Recognition                              ; Off                ; Off                ;
; Use LogicLock Constraints during Resource Balancing                        ; On                 ; On                 ;
; Ignore translate_off and synthesis_off directives                          ; Off                ; Off                ;
; Timing-Driven Synthesis                                                    ; On                 ; On                 ;
; Report Parameter Settings                                                  ; On                 ; On                 ;
; Report Source Assignments                                                  ; On                 ; On                 ;
; Report Connectivity Checks                                                 ; On                 ; On                 ;
; Ignore Maximum Fan-Out Assignments                                         ; Off                ; Off                ;
; Synchronization Register Chain Length                                      ; 2                  ; 2                  ;
; Power Optimization During Synthesis                                        ; Normal compilation ; Normal compilation ;
; HDL message level                                                          ; Level2             ; Level2             ;
; Suppress Register Optimization Related Messages                            ; Off                ; Off                ;
; Number of Removed Registers Reported in Synthesis Report                   ; 5000               ; 5000               ;
; Number of Swept Nodes Reported in Synthesis Report                         ; 5000               ; 5000               ;
; Number of Inverted Registers Reported in Synthesis Report                  ; 100                ; 100                ;
; Clock MUX Protection                                                       ; On                 ; On                 ;
; Auto Gated Clock Conversion                                                ; Off                ; Off                ;
; Block Design Naming                                                        ; Auto               ; Auto               ;
; SDC constraint protection                                                  ; Off                ; Off                ;
; Synthesis Effort                                                           ; Auto               ; Auto               ;
; Shift Register Replacement - Allow Asynchronous Clear Signal               ; On                 ; On                 ;
; Pre-Mapping Resynthesis Optimization                                       ; Off                ; Off                ;
; Analysis & Synthesis Message Level                                         ; Medium             ; Medium             ;
; Disable Register Merging Across Hierarchies                                ; Auto               ; Auto               ;
; Resource Aware Inference For Block RAM                                     ; On                 ; On                 ;
+----------------------------------------------------------------------------+--------------------+--------------------+


+------------------------------------------+
; Parallel Compilation                     ;
+----------------------------+-------------+
; Processors                 ; Number      ;
+----------------------------+-------------+
; Number detected on machine ; 4           ;
; Maximum allowed            ; 2           ;
;                            ;             ;
; Average used               ; 1.00        ;
; Maximum used               ; 2           ;
;                            ;             ;
; Usage by Processor         ; % Time Used ;
;     Processor 1            ; 100.0%      ;
;     Processor 2            ;   0.0%      ;
+----------------------------+-------------+


+------------------------------------------------------------------------------------------------------------------------------------------------------------------------------+
; Analysis & Synthesis Source Files Read                                                                                                                                       ;
+----------------------------------+-----------------+-----------------+---------------------------------------------------------------------------------------------+---------+
; File Name with User-Entered Path ; Used in Netlist ; File Type       ; File Name with Absolute Path                                                                ; Library ;
+----------------------------------+-----------------+-----------------+---------------------------------------------------------------------------------------------+---------+
; leddcd.vhd                       ; yes             ; User VHDL File  ; D:/Drew/Northwestern/EECS392/Project/EECS-392-IK/vhdl/serial/Quartus/UART_N/leddcd.vhd      ;         ;
; n_byte_uart.vhd                  ; yes             ; User VHDL File  ; D:/Drew/Northwestern/EECS392/Project/EECS-392-IK/vhdl/serial/Quartus/UART_N/n_byte_uart.vhd ;         ;
; ../../UART_R.vhd                 ; yes             ; User VHDL File  ; D:/Drew/Northwestern/EECS392/Project/EECS-392-IK/vhdl/serial/UART_R.vhd                     ;         ;
; ../../UART_nByte.vhd             ; yes             ; User VHDL File  ; D:/Drew/Northwestern/EECS392/Project/EECS-392-IK/vhdl/serial/UART_nByte.vhd                 ;         ;
+----------------------------------+-----------------+-----------------+---------------------------------------------------------------------------------------------+---------+


+---------------------------------------------------------+
; Analysis & Synthesis Resource Usage Summary             ;
+---------------------------------------------+-----------+
; Resource                                    ; Usage     ;
+---------------------------------------------+-----------+
; Estimated Total logic elements              ; 867       ;
;                                             ;           ;
; Total combinational functions               ; 617       ;
; Logic element usage by number of LUT inputs ;           ;
;     -- 4 input functions                    ; 337       ;
;     -- 3 input functions                    ; 98        ;
;     -- <=2 input functions                  ; 182       ;
;                                             ;           ;
; Logic elements by mode                      ;           ;
;     -- normal mode                          ; 527       ;
;     -- arithmetic mode                      ; 90        ;
;                                             ;           ;
; Total registers                             ; 370       ;
;     -- Dedicated logic registers            ; 370       ;
;     -- I/O registers                        ; 0         ;
;                                             ;           ;
; I/O pins                                    ; 118       ;
;                                             ;           ;
; Embedded Multiplier 9-bit elements          ; 0         ;
;                                             ;           ;
; Maximum fan-out node                        ; clk~input ;
; Maximum fan-out                             ; 370       ;
; Total fan-out                               ; 3596      ;
; Average fan-out                             ; 2.94      ;
+---------------------------------------------+-----------+


+-------------------------------------------------------------------------------------------------------------------------------------------------------------------------------------------------------------------------------------------------+
; Analysis & Synthesis Resource Utilization by Entity                                                                                                                                                                                             ;
+----------------------------------+---------------------+---------------------------+-------------+--------------+---------+-----------+------+--------------+------------------------------------------------------+-------------+--------------+
; Compilation Hierarchy Node       ; Combinational ALUTs ; Dedicated Logic Registers ; Memory Bits ; DSP Elements ; DSP 9x9 ; DSP 18x18 ; Pins ; Virtual Pins ; Full Hierarchy Name                                  ; Entity Name ; Library Name ;
+----------------------------------+---------------------+---------------------------+-------------+--------------+---------+-----------+------+--------------+------------------------------------------------------+-------------+--------------+
; |n_byte_uart                     ; 617 (0)             ; 370 (128)                 ; 0           ; 0            ; 0       ; 0         ; 118  ; 0            ; |n_byte_uart                                         ; n_byte_uart ; work         ;
;    |UART_nByte:UART_nByte_i|     ; 247 (93)            ; 242 (164)                 ; 0           ; 0            ; 0       ; 0         ; 0    ; 0            ; |n_byte_uart|UART_nByte:UART_nByte_i                 ; UART_nByte  ; work         ;
;       |UART_R:UART_R_i|          ; 154 (154)           ; 78 (78)                   ; 0           ; 0            ; 0       ; 0         ; 0    ; 0            ; |n_byte_uart|UART_nByte:UART_nByte_i|UART_R:UART_R_i ; UART_R      ; work         ;
;    |leddcd:\LED_gen:0:leddcd_i|  ; 23 (23)             ; 0 (0)                     ; 0           ; 0            ; 0       ; 0         ; 0    ; 0            ; |n_byte_uart|leddcd:\LED_gen:0:leddcd_i              ; leddcd      ; work         ;
;    |leddcd:\LED_gen:10:leddcd_i| ; 23 (23)             ; 0 (0)                     ; 0           ; 0            ; 0       ; 0         ; 0    ; 0            ; |n_byte_uart|leddcd:\LED_gen:10:leddcd_i             ; leddcd      ; work         ;
;    |leddcd:\LED_gen:11:leddcd_i| ; 23 (23)             ; 0 (0)                     ; 0           ; 0            ; 0       ; 0         ; 0    ; 0            ; |n_byte_uart|leddcd:\LED_gen:11:leddcd_i             ; leddcd      ; work         ;
;    |leddcd:\LED_gen:12:leddcd_i| ; 24 (24)             ; 0 (0)                     ; 0           ; 0            ; 0       ; 0         ; 0    ; 0            ; |n_byte_uart|leddcd:\LED_gen:12:leddcd_i             ; leddcd      ; work         ;
;    |leddcd:\LED_gen:13:leddcd_i| ; 23 (23)             ; 0 (0)                     ; 0           ; 0            ; 0       ; 0         ; 0    ; 0            ; |n_byte_uart|leddcd:\LED_gen:13:leddcd_i             ; leddcd      ; work         ;
;    |leddcd:\LED_gen:14:leddcd_i| ; 23 (23)             ; 0 (0)                     ; 0           ; 0            ; 0       ; 0         ; 0    ; 0            ; |n_byte_uart|leddcd:\LED_gen:14:leddcd_i             ; leddcd      ; work         ;
;    |leddcd:\LED_gen:15:leddcd_i| ; 23 (23)             ; 0 (0)                     ; 0           ; 0            ; 0       ; 0         ; 0    ; 0            ; |n_byte_uart|leddcd:\LED_gen:15:leddcd_i             ; leddcd      ; work         ;
;    |leddcd:\LED_gen:1:leddcd_i|  ; 23 (23)             ; 0 (0)                     ; 0           ; 0            ; 0       ; 0         ; 0    ; 0            ; |n_byte_uart|leddcd:\LED_gen:1:leddcd_i              ; leddcd      ; work         ;
;    |leddcd:\LED_gen:2:leddcd_i|  ; 23 (23)             ; 0 (0)                     ; 0           ; 0            ; 0       ; 0         ; 0    ; 0            ; |n_byte_uart|leddcd:\LED_gen:2:leddcd_i              ; leddcd      ; work         ;
;    |leddcd:\LED_gen:3:leddcd_i|  ; 23 (23)             ; 0 (0)                     ; 0           ; 0            ; 0       ; 0         ; 0    ; 0            ; |n_byte_uart|leddcd:\LED_gen:3:leddcd_i              ; leddcd      ; work         ;
;    |leddcd:\LED_gen:4:leddcd_i|  ; 23 (23)             ; 0 (0)                     ; 0           ; 0            ; 0       ; 0         ; 0    ; 0            ; |n_byte_uart|leddcd:\LED_gen:4:leddcd_i              ; leddcd      ; work         ;
;    |leddcd:\LED_gen:5:leddcd_i|  ; 23 (23)             ; 0 (0)                     ; 0           ; 0            ; 0       ; 0         ; 0    ; 0            ; |n_byte_uart|leddcd:\LED_gen:5:leddcd_i              ; leddcd      ; work         ;
;    |leddcd:\LED_gen:6:leddcd_i|  ; 23 (23)             ; 0 (0)                     ; 0           ; 0            ; 0       ; 0         ; 0    ; 0            ; |n_byte_uart|leddcd:\LED_gen:6:leddcd_i              ; leddcd      ; work         ;
;    |leddcd:\LED_gen:7:leddcd_i|  ; 24 (24)             ; 0 (0)                     ; 0           ; 0            ; 0       ; 0         ; 0    ; 0            ; |n_byte_uart|leddcd:\LED_gen:7:leddcd_i              ; leddcd      ; work         ;
;    |leddcd:\LED_gen:8:leddcd_i|  ; 23 (23)             ; 0 (0)                     ; 0           ; 0            ; 0       ; 0         ; 0    ; 0            ; |n_byte_uart|leddcd:\LED_gen:8:leddcd_i              ; leddcd      ; work         ;
;    |leddcd:\LED_gen:9:leddcd_i|  ; 23 (23)             ; 0 (0)                     ; 0           ; 0            ; 0       ; 0         ; 0    ; 0            ; |n_byte_uart|leddcd:\LED_gen:9:leddcd_i              ; leddcd      ; work         ;
+----------------------------------+---------------------+---------------------------+-------------+--------------+---------+-----------+------+--------------+------------------------------------------------------+-------------+--------------+
Note: For table entries with two numbers listed, the numbers in parentheses indicate the number of resources of the given type used by the specific entity alone. The numbers listed outside of parentheses indicate the total resources of the given type used by the specific entity and all of its sub-entities in the hierarchy.


Encoding Type:  One-Hot
+------------------------------------------------------------------------------------------------------------+
; State Machine - |n_byte_uart|UART_nByte:UART_nByte_i|curr_state                                            ;
+--------------------------+-----------------+------------------+--------------------------+-----------------+
; Name                     ; curr_state.done ; curr_state.shift ; curr_state.wait_for_byte ; curr_state.idle ;
+--------------------------+-----------------+------------------+--------------------------+-----------------+
; curr_state.idle          ; 0               ; 0                ; 0                        ; 0               ;
; curr_state.wait_for_byte ; 0               ; 0                ; 1                        ; 1               ;
; curr_state.shift         ; 0               ; 1                ; 0                        ; 1               ;
; curr_state.done          ; 1               ; 0                ; 0                        ; 1               ;
+--------------------------+-----------------+------------------+--------------------------+-----------------+


Encoding Type:  One-Hot
+-------------------------------------------------------------------------------------------------------------------+
; State Machine - |n_byte_uart|UART_nByte:UART_nByte_i|UART_R:UART_R_i|curr_state                                   ;
+---------------------+---------------------+----------------+-----------------+------------------+-----------------+
; Name                ; curr_state.stp_hold ; curr_state.stp ; curr_state.data ; curr_state.start ; curr_state.idle ;
+---------------------+---------------------+----------------+-----------------+------------------+-----------------+
; curr_state.idle     ; 0                   ; 0              ; 0               ; 0                ; 0               ;
; curr_state.start    ; 0                   ; 0              ; 0               ; 1                ; 1               ;
; curr_state.data     ; 0                   ; 0              ; 1               ; 0                ; 1               ;
; curr_state.stp      ; 0                   ; 1              ; 0               ; 0                ; 1               ;
; curr_state.stp_hold ; 1                   ; 0              ; 0               ; 0                ; 1               ;
+---------------------+---------------------+----------------+-----------------+------------------+-----------------+


+----------------------------------------------------------------+
; Registers Removed During Synthesis                             ;
+-------------------------------------------+--------------------+
; Register name                             ; Reason for Removal ;
+-------------------------------------------+--------------------+
; UART_nByte:UART_nByte_i|dout_prev[0..127] ; Lost fanout        ;
; Total Number of Removed Registers = 128   ;                    ;
+-------------------------------------------+--------------------+


+------------------------------------------------------+
; General Register Statistics                          ;
+----------------------------------------------+-------+
; Statistic                                    ; Value ;
+----------------------------------------------+-------+
; Total registers                              ; 370   ;
; Number of registers using Synchronous Clear  ; 31    ;
; Number of registers using Synchronous Load   ; 0     ;
; Number of registers using Asynchronous Clear ; 241   ;
; Number of registers using Asynchronous Load  ; 0     ;
; Number of registers using Clock Enable       ; 349   ;
; Number of registers using Preset             ; 0     ;
+----------------------------------------------+-------+


+--------------------------------------------------+
; Inverted Register Statistics                     ;
+----------------------------------------+---------+
; Inverted Register                      ; Fan out ;
+----------------------------------------+---------+
; UART_nByte:UART_nByte_i|count[4]       ; 4       ;
; Total number of inverted registers = 1 ;         ;
+----------------------------------------+---------+


+----------------------------------------------------------------------------------------------------------------------------------------------------------------------------------+
; Multiplexer Restructuring Statistics (Restructuring Performed)                                                                                                                   ;
+--------------------+-----------+---------------+----------------------+------------------------+------------+--------------------------------------------------------------------+
; Multiplexer Inputs ; Bus Width ; Baseline Area ; Area if Restructured ; Saving if Restructured ; Registered ; Example Multiplexer Output                                         ;
+--------------------+-----------+---------------+----------------------+------------------------+------------+--------------------------------------------------------------------+
; 5:1                ; 30 bits   ; 90 LEs        ; 30 LEs               ; 60 LEs                 ; Yes        ; |n_byte_uart|UART_nByte:UART_nByte_i|count[14]                     ;
; 6:1                ; 28 bits   ; 112 LEs       ; 28 LEs               ; 84 LEs                 ; Yes        ; |n_byte_uart|UART_nByte:UART_nByte_i|UART_R:UART_R_i|index[15]     ;
; 6:1                ; 8 bits    ; 32 LEs        ; 8 LEs                ; 24 LEs                 ; Yes        ; |n_byte_uart|UART_nByte:UART_nByte_i|bytes[122]                    ;
; 6:1                ; 31 bits   ; 124 LEs       ; 31 LEs               ; 93 LEs                 ; Yes        ; |n_byte_uart|UART_nByte:UART_nByte_i|UART_R:UART_R_i|clk_count[21] ;
; 6:1                ; 3 bits    ; 12 LEs        ; 3 LEs                ; 9 LEs                  ; Yes        ; |n_byte_uart|UART_nByte:UART_nByte_i|UART_R:UART_R_i|index[2]      ;
; 6:1                ; 5 bits    ; 20 LEs        ; 20 LEs               ; 0 LEs                  ; No         ; |n_byte_uart|leddcd:\LED_gen:0:leddcd_i|segments_out[0]            ;
; 6:1                ; 5 bits    ; 20 LEs        ; 20 LEs               ; 0 LEs                  ; No         ; |n_byte_uart|leddcd:\LED_gen:1:leddcd_i|segments_out[5]            ;
; 6:1                ; 5 bits    ; 20 LEs        ; 20 LEs               ; 0 LEs                  ; No         ; |n_byte_uart|leddcd:\LED_gen:2:leddcd_i|segments_out[0]            ;
; 6:1                ; 5 bits    ; 20 LEs        ; 20 LEs               ; 0 LEs                  ; No         ; |n_byte_uart|leddcd:\LED_gen:3:leddcd_i|segments_out[6]            ;
; 6:1                ; 5 bits    ; 20 LEs        ; 20 LEs               ; 0 LEs                  ; No         ; |n_byte_uart|leddcd:\LED_gen:4:leddcd_i|segments_out[0]            ;
; 6:1                ; 5 bits    ; 20 LEs        ; 20 LEs               ; 0 LEs                  ; No         ; |n_byte_uart|leddcd:\LED_gen:5:leddcd_i|segments_out[1]            ;
; 6:1                ; 5 bits    ; 20 LEs        ; 20 LEs               ; 0 LEs                  ; No         ; |n_byte_uart|leddcd:\LED_gen:6:leddcd_i|segments_out[6]            ;
; 6:1                ; 5 bits    ; 20 LEs        ; 20 LEs               ; 0 LEs                  ; No         ; |n_byte_uart|leddcd:\LED_gen:7:leddcd_i|segments_out[0]            ;
; 6:1                ; 5 bits    ; 20 LEs        ; 20 LEs               ; 0 LEs                  ; No         ; |n_byte_uart|leddcd:\LED_gen:8:leddcd_i|segments_out[2]            ;
; 6:1                ; 5 bits    ; 20 LEs        ; 20 LEs               ; 0 LEs                  ; No         ; |n_byte_uart|leddcd:\LED_gen:9:leddcd_i|segments_out[0]            ;
; 6:1                ; 5 bits    ; 20 LEs        ; 20 LEs               ; 0 LEs                  ; No         ; |n_byte_uart|leddcd:\LED_gen:10:leddcd_i|segments_out[0]           ;
; 6:1                ; 5 bits    ; 20 LEs        ; 20 LEs               ; 0 LEs                  ; No         ; |n_byte_uart|leddcd:\LED_gen:11:leddcd_i|segments_out[6]           ;
; 6:1                ; 5 bits    ; 20 LEs        ; 20 LEs               ; 0 LEs                  ; No         ; |n_byte_uart|leddcd:\LED_gen:12:leddcd_i|segments_out[1]           ;
; 6:1                ; 5 bits    ; 20 LEs        ; 20 LEs               ; 0 LEs                  ; No         ; |n_byte_uart|leddcd:\LED_gen:13:leddcd_i|segments_out[2]           ;
; 6:1                ; 5 bits    ; 20 LEs        ; 20 LEs               ; 0 LEs                  ; No         ; |n_byte_uart|leddcd:\LED_gen:14:leddcd_i|segments_out[1]           ;
; 6:1                ; 5 bits    ; 20 LEs        ; 20 LEs               ; 0 LEs                  ; No         ; |n_byte_uart|leddcd:\LED_gen:15:leddcd_i|segments_out[6]           ;
+--------------------+-----------+---------------+----------------------+------------------------+------------+--------------------------------------------------------------------+


+-----------------------------------------------------------------------------+
; Parameter Settings for User Entity Instance: Top-level Entity: |n_byte_uart ;
+----------------+-------+----------------------------------------------------+
; Parameter Name ; Value ; Type                                               ;
+----------------+-------+----------------------------------------------------+
; n              ; 16    ; Signed Integer                                     ;
; CLKS_PER_BIT   ; 434   ; Signed Integer                                     ;
+----------------+-------+----------------------------------------------------+
Note: In order to hide this table in the UI and the text report file, please set the "Show Parameter Settings in Synthesis Report" option in "Analysis and Synthesis Settings -> More Settings" to "Off".


+----------------------------------------------------------------------+
; Parameter Settings for User Entity Instance: UART_nByte:UART_nByte_i ;
+----------------+-------+---------------------------------------------+
; Parameter Name ; Value ; Type                                        ;
+----------------+-------+---------------------------------------------+
; n              ; 16    ; Signed Integer                              ;
; clks_per_bit   ; 434   ; Signed Integer                              ;
+----------------+-------+---------------------------------------------+
Note: In order to hide this table in the UI and the text report file, please set the "Show Parameter Settings in Synthesis Report" option in "Analysis and Synthesis Settings -> More Settings" to "Off".


+--------------------------------------------------------------------------------------+
; Parameter Settings for User Entity Instance: UART_nByte:UART_nByte_i|UART_R:UART_R_i ;
+----------------+-------+-------------------------------------------------------------+
; Parameter Name ; Value ; Type                                                        ;
+----------------+-------+-------------------------------------------------------------+
; clks_per_bit   ; 434   ; Signed Integer                                              ;
+----------------+-------+-------------------------------------------------------------+
Note: In order to hide this table in the UI and the text report file, please set the "Show Parameter Settings in Synthesis Report" option in "Analysis and Synthesis Settings -> More Settings" to "Off".


+-----------------------------------------------------+
; Post-Synthesis Netlist Statistics for Top Partition ;
+-----------------------+-----------------------------+
; Type                  ; Count                       ;
+-----------------------+-----------------------------+
; boundary_port         ; 118                         ;
; cycloneiii_ff         ; 370                         ;
;     CLR               ; 21                          ;
;     ENA               ; 129                         ;
;     ENA CLR           ; 189                         ;
;     ENA CLR SCLR      ; 31                          ;
; cycloneiii_lcell_comb ; 634                         ;
;     arith             ; 90                          ;
;         2 data inputs ; 90                          ;
;     normal            ; 544                         ;
;         0 data inputs ; 1                           ;
;         1 data inputs ; 19                          ;
;         2 data inputs ; 89                          ;
;         3 data inputs ; 98                          ;
;         4 data inputs ; 337                         ;
;                       ;                             ;
; Max LUT depth         ; 6.00                        ;
; Average LUT depth     ; 3.96                        ;
+-----------------------+-----------------------------+


+-------------------------------+
; Elapsed Time Per Partition    ;
+----------------+--------------+
; Partition Name ; Elapsed Time ;
+----------------+--------------+
; Top            ; 00:00:01     ;
+----------------+--------------+


+-------------------------------+
; Analysis & Synthesis Messages ;
+-------------------------------+
Info: *******************************************************************
Info: Running Quartus Prime Analysis & Synthesis
    Info: Version 17.1.0 Build 590 10/25/2017 SJ Lite Edition
    Info: Processing started: Wed May 30 01:14:17 2018
Info: Command: quartus_map --read_settings_files=on --write_settings_files=off n-byte_uart -c n-byte_uart
Warning (18236): Number of processors has not been specified which may cause overloading on shared machines.  Set the global assignment NUM_PARALLEL_PROCESSORS in your QSF to an appropriate value for best performance.
Info (20030): Parallel compilation is enabled and will use 2 of the 2 processors detected
Info (12021): Found 2 design units, including 1 entities, in source file leddcd.vhd
    Info (12022): Found design unit 1: leddcd-data_flow File: D:/Drew/Northwestern/EECS392/Project/EECS-392-IK/vhdl/serial/Quartus/UART_N/leddcd.vhd Line: 12
    Info (12023): Found entity 1: leddcd File: D:/Drew/Northwestern/EECS392/Project/EECS-392-IK/vhdl/serial/Quartus/UART_N/leddcd.vhd Line: 5
Info (12021): Found 2 design units, including 1 entities, in source file n_byte_uart.vhd
    Info (12022): Found design unit 1: n_byte_uart-arch File: D:/Drew/Northwestern/EECS392/Project/EECS-392-IK/vhdl/serial/Quartus/UART_N/n_byte_uart.vhd Line: 21
    Info (12023): Found entity 1: n_byte_uart File: D:/Drew/Northwestern/EECS392/Project/EECS-392-IK/vhdl/serial/Quartus/UART_N/n_byte_uart.vhd Line: 5
Info (12021): Found 2 design units, including 1 entities, in source file /drew/northwestern/eecs392/project/eecs-392-ik/vhdl/serial/uart_r.vhd
    Info (12022): Found design unit 1: UART_R-behavioral File: D:/Drew/Northwestern/EECS392/Project/EECS-392-IK/vhdl/serial/UART_R.vhd Line: 19
    Info (12023): Found entity 1: UART_R File: D:/Drew/Northwestern/EECS392/Project/EECS-392-IK/vhdl/serial/UART_R.vhd Line: 5
Info (12021): Found 2 design units, including 1 entities, in source file /drew/northwestern/eecs392/project/eecs-392-ik/vhdl/serial/uart_nbyte.vhd
    Info (12022): Found design unit 1: UART_nByte-arch File: D:/Drew/Northwestern/EECS392/Project/EECS-392-IK/vhdl/serial/UART_nByte.vhd Line: 19
    Info (12023): Found entity 1: UART_nByte File: D:/Drew/Northwestern/EECS392/Project/EECS-392-IK/vhdl/serial/UART_nByte.vhd Line: 5
Info (12127): Elaborating entity "n_byte_uart" for the top level hierarchy
Info (12128): Elaborating entity "UART_nByte" for hierarchy "UART_nByte:UART_nByte_i" File: D:/Drew/Northwestern/EECS392/Project/EECS-392-IK/vhdl/serial/Quartus/UART_N/n_byte_uart.vhd Line: 80
Warning (10492): VHDL Process Statement warning at UART_nByte.vhd(74): signal "dout_prev" is read inside the Process Statement but isn't in the Process Statement's sensitivity list File: D:/Drew/Northwestern/EECS392/Project/EECS-392-IK/vhdl/serial/UART_nByte.vhd Line: 74
Warning (10631): VHDL Process Statement warning at UART_nByte.vhd(66): inferring latch(es) for signal or variable "dout_prev_c", which holds its previous value in one or more paths through the process File: D:/Drew/Northwestern/EECS392/Project/EECS-392-IK/vhdl/serial/UART_nByte.vhd Line: 66
Info (10041): Inferred latch for "dout_prev_c[0]" at UART_nByte.vhd(66) File: D:/Drew/Northwestern/EECS392/Project/EECS-392-IK/vhdl/serial/UART_nByte.vhd Line: 66
Info (10041): Inferred latch for "dout_prev_c[1]" at UART_nByte.vhd(66) File: D:/Drew/Northwestern/EECS392/Project/EECS-392-IK/vhdl/serial/UART_nByte.vhd Line: 66
Info (10041): Inferred latch for "dout_prev_c[2]" at UART_nByte.vhd(66) File: D:/Drew/Northwestern/EECS392/Project/EECS-392-IK/vhdl/serial/UART_nByte.vhd Line: 66
Info (10041): Inferred latch for "dout_prev_c[3]" at UART_nByte.vhd(66) File: D:/Drew/Northwestern/EECS392/Project/EECS-392-IK/vhdl/serial/UART_nByte.vhd Line: 66
Info (10041): Inferred latch for "dout_prev_c[4]" at UART_nByte.vhd(66) File: D:/Drew/Northwestern/EECS392/Project/EECS-392-IK/vhdl/serial/UART_nByte.vhd Line: 66
Info (10041): Inferred latch for "dout_prev_c[5]" at UART_nByte.vhd(66) File: D:/Drew/Northwestern/EECS392/Project/EECS-392-IK/vhdl/serial/UART_nByte.vhd Line: 66
Info (10041): Inferred latch for "dout_prev_c[6]" at UART_nByte.vhd(66) File: D:/Drew/Northwestern/EECS392/Project/EECS-392-IK/vhdl/serial/UART_nByte.vhd Line: 66
Info (10041): Inferred latch for "dout_prev_c[7]" at UART_nByte.vhd(66) File: D:/Drew/Northwestern/EECS392/Project/EECS-392-IK/vhdl/serial/UART_nByte.vhd Line: 66
Info (10041): Inferred latch for "dout_prev_c[8]" at UART_nByte.vhd(66) File: D:/Drew/Northwestern/EECS392/Project/EECS-392-IK/vhdl/serial/UART_nByte.vhd Line: 66
Info (10041): Inferred latch for "dout_prev_c[9]" at UART_nByte.vhd(66) File: D:/Drew/Northwestern/EECS392/Project/EECS-392-IK/vhdl/serial/UART_nByte.vhd Line: 66
Info (10041): Inferred latch for "dout_prev_c[10]" at UART_nByte.vhd(66) File: D:/Drew/Northwestern/EECS392/Project/EECS-392-IK/vhdl/serial/UART_nByte.vhd Line: 66
Info (10041): Inferred latch for "dout_prev_c[11]" at UART_nByte.vhd(66) File: D:/Drew/Northwestern/EECS392/Project/EECS-392-IK/vhdl/serial/UART_nByte.vhd Line: 66
Info (10041): Inferred latch for "dout_prev_c[12]" at UART_nByte.vhd(66) File: D:/Drew/Northwestern/EECS392/Project/EECS-392-IK/vhdl/serial/UART_nByte.vhd Line: 66
Info (10041): Inferred latch for "dout_prev_c[13]" at UART_nByte.vhd(66) File: D:/Drew/Northwestern/EECS392/Project/EECS-392-IK/vhdl/serial/UART_nByte.vhd Line: 66
Info (10041): Inferred latch for "dout_prev_c[14]" at UART_nByte.vhd(66) File: D:/Drew/Northwestern/EECS392/Project/EECS-392-IK/vhdl/serial/UART_nByte.vhd Line: 66
Info (10041): Inferred latch for "dout_prev_c[15]" at UART_nByte.vhd(66) File: D:/Drew/Northwestern/EECS392/Project/EECS-392-IK/vhdl/serial/UART_nByte.vhd Line: 66
Info (10041): Inferred latch for "dout_prev_c[16]" at UART_nByte.vhd(66) File: D:/Drew/Northwestern/EECS392/Project/EECS-392-IK/vhdl/serial/UART_nByte.vhd Line: 66
Info (10041): Inferred latch for "dout_prev_c[17]" at UART_nByte.vhd(66) File: D:/Drew/Northwestern/EECS392/Project/EECS-392-IK/vhdl/serial/UART_nByte.vhd Line: 66
Info (10041): Inferred latch for "dout_prev_c[18]" at UART_nByte.vhd(66) File: D:/Drew/Northwestern/EECS392/Project/EECS-392-IK/vhdl/serial/UART_nByte.vhd Line: 66
Info (10041): Inferred latch for "dout_prev_c[19]" at UART_nByte.vhd(66) File: D:/Drew/Northwestern/EECS392/Project/EECS-392-IK/vhdl/serial/UART_nByte.vhd Line: 66
Info (10041): Inferred latch for "dout_prev_c[20]" at UART_nByte.vhd(66) File: D:/Drew/Northwestern/EECS392/Project/EECS-392-IK/vhdl/serial/UART_nByte.vhd Line: 66
Info (10041): Inferred latch for "dout_prev_c[21]" at UART_nByte.vhd(66) File: D:/Drew/Northwestern/EECS392/Project/EECS-392-IK/vhdl/serial/UART_nByte.vhd Line: 66
Info (10041): Inferred latch for "dout_prev_c[22]" at UART_nByte.vhd(66) File: D:/Drew/Northwestern/EECS392/Project/EECS-392-IK/vhdl/serial/UART_nByte.vhd Line: 66
Info (10041): Inferred latch for "dout_prev_c[23]" at UART_nByte.vhd(66) File: D:/Drew/Northwestern/EECS392/Project/EECS-392-IK/vhdl/serial/UART_nByte.vhd Line: 66
Info (10041): Inferred latch for "dout_prev_c[24]" at UART_nByte.vhd(66) File: D:/Drew/Northwestern/EECS392/Project/EECS-392-IK/vhdl/serial/UART_nByte.vhd Line: 66
Info (10041): Inferred latch for "dout_prev_c[25]" at UART_nByte.vhd(66) File: D:/Drew/Northwestern/EECS392/Project/EECS-392-IK/vhdl/serial/UART_nByte.vhd Line: 66
Info (10041): Inferred latch for "dout_prev_c[26]" at UART_nByte.vhd(66) File: D:/Drew/Northwestern/EECS392/Project/EECS-392-IK/vhdl/serial/UART_nByte.vhd Line: 66
Info (10041): Inferred latch for "dout_prev_c[27]" at UART_nByte.vhd(66) File: D:/Drew/Northwestern/EECS392/Project/EECS-392-IK/vhdl/serial/UART_nByte.vhd Line: 66
Info (10041): Inferred latch for "dout_prev_c[28]" at UART_nByte.vhd(66) File: D:/Drew/Northwestern/EECS392/Project/EECS-392-IK/vhdl/serial/UART_nByte.vhd Line: 66
Info (10041): Inferred latch for "dout_prev_c[29]" at UART_nByte.vhd(66) File: D:/Drew/Northwestern/EECS392/Project/EECS-392-IK/vhdl/serial/UART_nByte.vhd Line: 66
Info (10041): Inferred latch for "dout_prev_c[30]" at UART_nByte.vhd(66) File: D:/Drew/Northwestern/EECS392/Project/EECS-392-IK/vhdl/serial/UART_nByte.vhd Line: 66
Info (10041): Inferred latch for "dout_prev_c[31]" at UART_nByte.vhd(66) File: D:/Drew/Northwestern/EECS392/Project/EECS-392-IK/vhdl/serial/UART_nByte.vhd Line: 66
Info (10041): Inferred latch for "dout_prev_c[32]" at UART_nByte.vhd(66) File: D:/Drew/Northwestern/EECS392/Project/EECS-392-IK/vhdl/serial/UART_nByte.vhd Line: 66
Info (10041): Inferred latch for "dout_prev_c[33]" at UART_nByte.vhd(66) File: D:/Drew/Northwestern/EECS392/Project/EECS-392-IK/vhdl/serial/UART_nByte.vhd Line: 66
Info (10041): Inferred latch for "dout_prev_c[34]" at UART_nByte.vhd(66) File: D:/Drew/Northwestern/EECS392/Project/EECS-392-IK/vhdl/serial/UART_nByte.vhd Line: 66
Info (10041): Inferred latch for "dout_prev_c[35]" at UART_nByte.vhd(66) File: D:/Drew/Northwestern/EECS392/Project/EECS-392-IK/vhdl/serial/UART_nByte.vhd Line: 66
Info (10041): Inferred latch for "dout_prev_c[36]" at UART_nByte.vhd(66) File: D:/Drew/Northwestern/EECS392/Project/EECS-392-IK/vhdl/serial/UART_nByte.vhd Line: 66
Info (10041): Inferred latch for "dout_prev_c[37]" at UART_nByte.vhd(66) File: D:/Drew/Northwestern/EECS392/Project/EECS-392-IK/vhdl/serial/UART_nByte.vhd Line: 66
Info (10041): Inferred latch for "dout_prev_c[38]" at UART_nByte.vhd(66) File: D:/Drew/Northwestern/EECS392/Project/EECS-392-IK/vhdl/serial/UART_nByte.vhd Line: 66
Info (10041): Inferred latch for "dout_prev_c[39]" at UART_nByte.vhd(66) File: D:/Drew/Northwestern/EECS392/Project/EECS-392-IK/vhdl/serial/UART_nByte.vhd Line: 66
Info (10041): Inferred latch for "dout_prev_c[40]" at UART_nByte.vhd(66) File: D:/Drew/Northwestern/EECS392/Project/EECS-392-IK/vhdl/serial/UART_nByte.vhd Line: 66
Info (10041): Inferred latch for "dout_prev_c[41]" at UART_nByte.vhd(66) File: D:/Drew/Northwestern/EECS392/Project/EECS-392-IK/vhdl/serial/UART_nByte.vhd Line: 66
Info (10041): Inferred latch for "dout_prev_c[42]" at UART_nByte.vhd(66) File: D:/Drew/Northwestern/EECS392/Project/EECS-392-IK/vhdl/serial/UART_nByte.vhd Line: 66
Info (10041): Inferred latch for "dout_prev_c[43]" at UART_nByte.vhd(66) File: D:/Drew/Northwestern/EECS392/Project/EECS-392-IK/vhdl/serial/UART_nByte.vhd Line: 66
Info (10041): Inferred latch for "dout_prev_c[44]" at UART_nByte.vhd(66) File: D:/Drew/Northwestern/EECS392/Project/EECS-392-IK/vhdl/serial/UART_nByte.vhd Line: 66
Info (10041): Inferred latch for "dout_prev_c[45]" at UART_nByte.vhd(66) File: D:/Drew/Northwestern/EECS392/Project/EECS-392-IK/vhdl/serial/UART_nByte.vhd Line: 66
Info (10041): Inferred latch for "dout_prev_c[46]" at UART_nByte.vhd(66) File: D:/Drew/Northwestern/EECS392/Project/EECS-392-IK/vhdl/serial/UART_nByte.vhd Line: 66
Info (10041): Inferred latch for "dout_prev_c[47]" at UART_nByte.vhd(66) File: D:/Drew/Northwestern/EECS392/Project/EECS-392-IK/vhdl/serial/UART_nByte.vhd Line: 66
Info (10041): Inferred latch for "dout_prev_c[48]" at UART_nByte.vhd(66) File: D:/Drew/Northwestern/EECS392/Project/EECS-392-IK/vhdl/serial/UART_nByte.vhd Line: 66
Info (10041): Inferred latch for "dout_prev_c[49]" at UART_nByte.vhd(66) File: D:/Drew/Northwestern/EECS392/Project/EECS-392-IK/vhdl/serial/UART_nByte.vhd Line: 66
Info (10041): Inferred latch for "dout_prev_c[50]" at UART_nByte.vhd(66) File: D:/Drew/Northwestern/EECS392/Project/EECS-392-IK/vhdl/serial/UART_nByte.vhd Line: 66
Info (10041): Inferred latch for "dout_prev_c[51]" at UART_nByte.vhd(66) File: D:/Drew/Northwestern/EECS392/Project/EECS-392-IK/vhdl/serial/UART_nByte.vhd Line: 66
Info (10041): Inferred latch for "dout_prev_c[52]" at UART_nByte.vhd(66) File: D:/Drew/Northwestern/EECS392/Project/EECS-392-IK/vhdl/serial/UART_nByte.vhd Line: 66
Info (10041): Inferred latch for "dout_prev_c[53]" at UART_nByte.vhd(66) File: D:/Drew/Northwestern/EECS392/Project/EECS-392-IK/vhdl/serial/UART_nByte.vhd Line: 66
Info (10041): Inferred latch for "dout_prev_c[54]" at UART_nByte.vhd(66) File: D:/Drew/Northwestern/EECS392/Project/EECS-392-IK/vhdl/serial/UART_nByte.vhd Line: 66
Info (10041): Inferred latch for "dout_prev_c[55]" at UART_nByte.vhd(66) File: D:/Drew/Northwestern/EECS392/Project/EECS-392-IK/vhdl/serial/UART_nByte.vhd Line: 66
Info (10041): Inferred latch for "dout_prev_c[56]" at UART_nByte.vhd(66) File: D:/Drew/Northwestern/EECS392/Project/EECS-392-IK/vhdl/serial/UART_nByte.vhd Line: 66
Info (10041): Inferred latch for "dout_prev_c[57]" at UART_nByte.vhd(66) File: D:/Drew/Northwestern/EECS392/Project/EECS-392-IK/vhdl/serial/UART_nByte.vhd Line: 66
Info (10041): Inferred latch for "dout_prev_c[58]" at UART_nByte.vhd(66) File: D:/Drew/Northwestern/EECS392/Project/EECS-392-IK/vhdl/serial/UART_nByte.vhd Line: 66
Info (10041): Inferred latch for "dout_prev_c[59]" at UART_nByte.vhd(66) File: D:/Drew/Northwestern/EECS392/Project/EECS-392-IK/vhdl/serial/UART_nByte.vhd Line: 66
Info (10041): Inferred latch for "dout_prev_c[60]" at UART_nByte.vhd(66) File: D:/Drew/Northwestern/EECS392/Project/EECS-392-IK/vhdl/serial/UART_nByte.vhd Line: 66
Info (10041): Inferred latch for "dout_prev_c[61]" at UART_nByte.vhd(66) File: D:/Drew/Northwestern/EECS392/Project/EECS-392-IK/vhdl/serial/UART_nByte.vhd Line: 66
Info (10041): Inferred latch for "dout_prev_c[62]" at UART_nByte.vhd(66) File: D:/Drew/Northwestern/EECS392/Project/EECS-392-IK/vhdl/serial/UART_nByte.vhd Line: 66
Info (10041): Inferred latch for "dout_prev_c[63]" at UART_nByte.vhd(66) File: D:/Drew/Northwestern/EECS392/Project/EECS-392-IK/vhdl/serial/UART_nByte.vhd Line: 66
Info (10041): Inferred latch for "dout_prev_c[64]" at UART_nByte.vhd(66) File: D:/Drew/Northwestern/EECS392/Project/EECS-392-IK/vhdl/serial/UART_nByte.vhd Line: 66
Info (10041): Inferred latch for "dout_prev_c[65]" at UART_nByte.vhd(66) File: D:/Drew/Northwestern/EECS392/Project/EECS-392-IK/vhdl/serial/UART_nByte.vhd Line: 66
Info (10041): Inferred latch for "dout_prev_c[66]" at UART_nByte.vhd(66) File: D:/Drew/Northwestern/EECS392/Project/EECS-392-IK/vhdl/serial/UART_nByte.vhd Line: 66
Info (10041): Inferred latch for "dout_prev_c[67]" at UART_nByte.vhd(66) File: D:/Drew/Northwestern/EECS392/Project/EECS-392-IK/vhdl/serial/UART_nByte.vhd Line: 66
Info (10041): Inferred latch for "dout_prev_c[68]" at UART_nByte.vhd(66) File: D:/Drew/Northwestern/EECS392/Project/EECS-392-IK/vhdl/serial/UART_nByte.vhd Line: 66
Info (10041): Inferred latch for "dout_prev_c[69]" at UART_nByte.vhd(66) File: D:/Drew/Northwestern/EECS392/Project/EECS-392-IK/vhdl/serial/UART_nByte.vhd Line: 66
Info (10041): Inferred latch for "dout_prev_c[70]" at UART_nByte.vhd(66) File: D:/Drew/Northwestern/EECS392/Project/EECS-392-IK/vhdl/serial/UART_nByte.vhd Line: 66
Info (10041): Inferred latch for "dout_prev_c[71]" at UART_nByte.vhd(66) File: D:/Drew/Northwestern/EECS392/Project/EECS-392-IK/vhdl/serial/UART_nByte.vhd Line: 66
Info (10041): Inferred latch for "dout_prev_c[72]" at UART_nByte.vhd(66) File: D:/Drew/Northwestern/EECS392/Project/EECS-392-IK/vhdl/serial/UART_nByte.vhd Line: 66
Info (10041): Inferred latch for "dout_prev_c[73]" at UART_nByte.vhd(66) File: D:/Drew/Northwestern/EECS392/Project/EECS-392-IK/vhdl/serial/UART_nByte.vhd Line: 66
Info (10041): Inferred latch for "dout_prev_c[74]" at UART_nByte.vhd(66) File: D:/Drew/Northwestern/EECS392/Project/EECS-392-IK/vhdl/serial/UART_nByte.vhd Line: 66
Info (10041): Inferred latch for "dout_prev_c[75]" at UART_nByte.vhd(66) File: D:/Drew/Northwestern/EECS392/Project/EECS-392-IK/vhdl/serial/UART_nByte.vhd Line: 66
Info (10041): Inferred latch for "dout_prev_c[76]" at UART_nByte.vhd(66) File: D:/Drew/Northwestern/EECS392/Project/EECS-392-IK/vhdl/serial/UART_nByte.vhd Line: 66
Info (10041): Inferred latch for "dout_prev_c[77]" at UART_nByte.vhd(66) File: D:/Drew/Northwestern/EECS392/Project/EECS-392-IK/vhdl/serial/UART_nByte.vhd Line: 66
Info (10041): Inferred latch for "dout_prev_c[78]" at UART_nByte.vhd(66) File: D:/Drew/Northwestern/EECS392/Project/EECS-392-IK/vhdl/serial/UART_nByte.vhd Line: 66
Info (10041): Inferred latch for "dout_prev_c[79]" at UART_nByte.vhd(66) File: D:/Drew/Northwestern/EECS392/Project/EECS-392-IK/vhdl/serial/UART_nByte.vhd Line: 66
Info (10041): Inferred latch for "dout_prev_c[80]" at UART_nByte.vhd(66) File: D:/Drew/Northwestern/EECS392/Project/EECS-392-IK/vhdl/serial/UART_nByte.vhd Line: 66
Info (10041): Inferred latch for "dout_prev_c[81]" at UART_nByte.vhd(66) File: D:/Drew/Northwestern/EECS392/Project/EECS-392-IK/vhdl/serial/UART_nByte.vhd Line: 66
Info (10041): Inferred latch for "dout_prev_c[82]" at UART_nByte.vhd(66) File: D:/Drew/Northwestern/EECS392/Project/EECS-392-IK/vhdl/serial/UART_nByte.vhd Line: 66
Info (10041): Inferred latch for "dout_prev_c[83]" at UART_nByte.vhd(66) File: D:/Drew/Northwestern/EECS392/Project/EECS-392-IK/vhdl/serial/UART_nByte.vhd Line: 66
Info (10041): Inferred latch for "dout_prev_c[84]" at UART_nByte.vhd(66) File: D:/Drew/Northwestern/EECS392/Project/EECS-392-IK/vhdl/serial/UART_nByte.vhd Line: 66
Info (10041): Inferred latch for "dout_prev_c[85]" at UART_nByte.vhd(66) File: D:/Drew/Northwestern/EECS392/Project/EECS-392-IK/vhdl/serial/UART_nByte.vhd Line: 66
Info (10041): Inferred latch for "dout_prev_c[86]" at UART_nByte.vhd(66) File: D:/Drew/Northwestern/EECS392/Project/EECS-392-IK/vhdl/serial/UART_nByte.vhd Line: 66
Info (10041): Inferred latch for "dout_prev_c[87]" at UART_nByte.vhd(66) File: D:/Drew/Northwestern/EECS392/Project/EECS-392-IK/vhdl/serial/UART_nByte.vhd Line: 66
Info (10041): Inferred latch for "dout_prev_c[88]" at UART_nByte.vhd(66) File: D:/Drew/Northwestern/EECS392/Project/EECS-392-IK/vhdl/serial/UART_nByte.vhd Line: 66
Info (10041): Inferred latch for "dout_prev_c[89]" at UART_nByte.vhd(66) File: D:/Drew/Northwestern/EECS392/Project/EECS-392-IK/vhdl/serial/UART_nByte.vhd Line: 66
Info (10041): Inferred latch for "dout_prev_c[90]" at UART_nByte.vhd(66) File: D:/Drew/Northwestern/EECS392/Project/EECS-392-IK/vhdl/serial/UART_nByte.vhd Line: 66
Info (10041): Inferred latch for "dout_prev_c[91]" at UART_nByte.vhd(66) File: D:/Drew/Northwestern/EECS392/Project/EECS-392-IK/vhdl/serial/UART_nByte.vhd Line: 66
Info (10041): Inferred latch for "dout_prev_c[92]" at UART_nByte.vhd(66) File: D:/Drew/Northwestern/EECS392/Project/EECS-392-IK/vhdl/serial/UART_nByte.vhd Line: 66
Info (10041): Inferred latch for "dout_prev_c[93]" at UART_nByte.vhd(66) File: D:/Drew/Northwestern/EECS392/Project/EECS-392-IK/vhdl/serial/UART_nByte.vhd Line: 66
Info (10041): Inferred latch for "dout_prev_c[94]" at UART_nByte.vhd(66) File: D:/Drew/Northwestern/EECS392/Project/EECS-392-IK/vhdl/serial/UART_nByte.vhd Line: 66
Info (10041): Inferred latch for "dout_prev_c[95]" at UART_nByte.vhd(66) File: D:/Drew/Northwestern/EECS392/Project/EECS-392-IK/vhdl/serial/UART_nByte.vhd Line: 66
Info (10041): Inferred latch for "dout_prev_c[96]" at UART_nByte.vhd(66) File: D:/Drew/Northwestern/EECS392/Project/EECS-392-IK/vhdl/serial/UART_nByte.vhd Line: 66
Info (10041): Inferred latch for "dout_prev_c[97]" at UART_nByte.vhd(66) File: D:/Drew/Northwestern/EECS392/Project/EECS-392-IK/vhdl/serial/UART_nByte.vhd Line: 66
Info (10041): Inferred latch for "dout_prev_c[98]" at UART_nByte.vhd(66) File: D:/Drew/Northwestern/EECS392/Project/EECS-392-IK/vhdl/serial/UART_nByte.vhd Line: 66
Info (10041): Inferred latch for "dout_prev_c[99]" at UART_nByte.vhd(66) File: D:/Drew/Northwestern/EECS392/Project/EECS-392-IK/vhdl/serial/UART_nByte.vhd Line: 66
Info (10041): Inferred latch for "dout_prev_c[100]" at UART_nByte.vhd(66) File: D:/Drew/Northwestern/EECS392/Project/EECS-392-IK/vhdl/serial/UART_nByte.vhd Line: 66
Info (10041): Inferred latch for "dout_prev_c[101]" at UART_nByte.vhd(66) File: D:/Drew/Northwestern/EECS392/Project/EECS-392-IK/vhdl/serial/UART_nByte.vhd Line: 66
Info (10041): Inferred latch for "dout_prev_c[102]" at UART_nByte.vhd(66) File: D:/Drew/Northwestern/EECS392/Project/EECS-392-IK/vhdl/serial/UART_nByte.vhd Line: 66
Info (10041): Inferred latch for "dout_prev_c[103]" at UART_nByte.vhd(66) File: D:/Drew/Northwestern/EECS392/Project/EECS-392-IK/vhdl/serial/UART_nByte.vhd Line: 66
Info (10041): Inferred latch for "dout_prev_c[104]" at UART_nByte.vhd(66) File: D:/Drew/Northwestern/EECS392/Project/EECS-392-IK/vhdl/serial/UART_nByte.vhd Line: 66
Info (10041): Inferred latch for "dout_prev_c[105]" at UART_nByte.vhd(66) File: D:/Drew/Northwestern/EECS392/Project/EECS-392-IK/vhdl/serial/UART_nByte.vhd Line: 66
Info (10041): Inferred latch for "dout_prev_c[106]" at UART_nByte.vhd(66) File: D:/Drew/Northwestern/EECS392/Project/EECS-392-IK/vhdl/serial/UART_nByte.vhd Line: 66
Info (10041): Inferred latch for "dout_prev_c[107]" at UART_nByte.vhd(66) File: D:/Drew/Northwestern/EECS392/Project/EECS-392-IK/vhdl/serial/UART_nByte.vhd Line: 66
Info (10041): Inferred latch for "dout_prev_c[108]" at UART_nByte.vhd(66) File: D:/Drew/Northwestern/EECS392/Project/EECS-392-IK/vhdl/serial/UART_nByte.vhd Line: 66
Info (10041): Inferred latch for "dout_prev_c[109]" at UART_nByte.vhd(66) File: D:/Drew/Northwestern/EECS392/Project/EECS-392-IK/vhdl/serial/UART_nByte.vhd Line: 66
Info (10041): Inferred latch for "dout_prev_c[110]" at UART_nByte.vhd(66) File: D:/Drew/Northwestern/EECS392/Project/EECS-392-IK/vhdl/serial/UART_nByte.vhd Line: 66
Info (10041): Inferred latch for "dout_prev_c[111]" at UART_nByte.vhd(66) File: D:/Drew/Northwestern/EECS392/Project/EECS-392-IK/vhdl/serial/UART_nByte.vhd Line: 66
Info (10041): Inferred latch for "dout_prev_c[112]" at UART_nByte.vhd(66) File: D:/Drew/Northwestern/EECS392/Project/EECS-392-IK/vhdl/serial/UART_nByte.vhd Line: 66
Info (10041): Inferred latch for "dout_prev_c[113]" at UART_nByte.vhd(66) File: D:/Drew/Northwestern/EECS392/Project/EECS-392-IK/vhdl/serial/UART_nByte.vhd Line: 66
Info (10041): Inferred latch for "dout_prev_c[114]" at UART_nByte.vhd(66) File: D:/Drew/Northwestern/EECS392/Project/EECS-392-IK/vhdl/serial/UART_nByte.vhd Line: 66
Info (10041): Inferred latch for "dout_prev_c[115]" at UART_nByte.vhd(66) File: D:/Drew/Northwestern/EECS392/Project/EECS-392-IK/vhdl/serial/UART_nByte.vhd Line: 66
Info (10041): Inferred latch for "dout_prev_c[116]" at UART_nByte.vhd(66) File: D:/Drew/Northwestern/EECS392/Project/EECS-392-IK/vhdl/serial/UART_nByte.vhd Line: 66
Info (10041): Inferred latch for "dout_prev_c[117]" at UART_nByte.vhd(66) File: D:/Drew/Northwestern/EECS392/Project/EECS-392-IK/vhdl/serial/UART_nByte.vhd Line: 66
Info (10041): Inferred latch for "dout_prev_c[118]" at UART_nByte.vhd(66) File: D:/Drew/Northwestern/EECS392/Project/EECS-392-IK/vhdl/serial/UART_nByte.vhd Line: 66
Info (10041): Inferred latch for "dout_prev_c[119]" at UART_nByte.vhd(66) File: D:/Drew/Northwestern/EECS392/Project/EECS-392-IK/vhdl/serial/UART_nByte.vhd Line: 66
Info (10041): Inferred latch for "dout_prev_c[120]" at UART_nByte.vhd(66) File: D:/Drew/Northwestern/EECS392/Project/EECS-392-IK/vhdl/serial/UART_nByte.vhd Line: 66
Info (10041): Inferred latch for "dout_prev_c[121]" at UART_nByte.vhd(66) File: D:/Drew/Northwestern/EECS392/Project/EECS-392-IK/vhdl/serial/UART_nByte.vhd Line: 66
Info (10041): Inferred latch for "dout_prev_c[122]" at UART_nByte.vhd(66) File: D:/Drew/Northwestern/EECS392/Project/EECS-392-IK/vhdl/serial/UART_nByte.vhd Line: 66
Info (10041): Inferred latch for "dout_prev_c[123]" at UART_nByte.vhd(66) File: D:/Drew/Northwestern/EECS392/Project/EECS-392-IK/vhdl/serial/UART_nByte.vhd Line: 66
Info (10041): Inferred latch for "dout_prev_c[124]" at UART_nByte.vhd(66) File: D:/Drew/Northwestern/EECS392/Project/EECS-392-IK/vhdl/serial/UART_nByte.vhd Line: 66
Info (10041): Inferred latch for "dout_prev_c[125]" at UART_nByte.vhd(66) File: D:/Drew/Northwestern/EECS392/Project/EECS-392-IK/vhdl/serial/UART_nByte.vhd Line: 66
Info (10041): Inferred latch for "dout_prev_c[126]" at UART_nByte.vhd(66) File: D:/Drew/Northwestern/EECS392/Project/EECS-392-IK/vhdl/serial/UART_nByte.vhd Line: 66
Info (10041): Inferred latch for "dout_prev_c[127]" at UART_nByte.vhd(66) File: D:/Drew/Northwestern/EECS392/Project/EECS-392-IK/vhdl/serial/UART_nByte.vhd Line: 66
Info (12128): Elaborating entity "UART_R" for hierarchy "UART_nByte:UART_nByte_i|UART_R:UART_R_i" File: D:/Drew/Northwestern/EECS392/Project/EECS-392-IK/vhdl/serial/UART_nByte.vhd Line: 120
Info (12128): Elaborating entity "leddcd" for hierarchy "leddcd:\LED_gen:0:leddcd_i" File: D:/Drew/Northwestern/EECS392/Project/EECS-392-IK/vhdl/serial/Quartus/UART_N/n_byte_uart.vhd Line: 94
Info (13000): Registers with preset signals will power-up high File: D:/Drew/Northwestern/EECS392/Project/EECS-392-IK/vhdl/serial/UART_nByte.vhd Line: 52
Info (13003): DEV_CLRn pin will set, and not reset, register with preset signal due to NOT Gate Push-Back
Warning (13024): Output pins are stuck at VCC or GND
    Warning (13410): Pin "LED2" is stuck at VCC File: D:/Drew/Northwestern/EECS392/Project/EECS-392-IK/vhdl/serial/Quartus/UART_N/n_byte_uart.vhd Line: 15
Info (286030): Timing-Driven Synthesis is running
Critical Warning (18061): Ignored Power-Up Level option on the following registers
    Critical Warning (18010): Register UART_nByte:UART_nByte_i|UART_R:UART_R_i|index[2] will power up to Low File: D:/Drew/Northwestern/EECS392/Project/EECS-392-IK/vhdl/serial/UART_R.vhd Line: 38
    Critical Warning (18010): Register UART_nByte:UART_nByte_i|UART_R:UART_R_i|index[1] will power up to Low File: D:/Drew/Northwestern/EECS392/Project/EECS-392-IK/vhdl/serial/UART_R.vhd Line: 38
    Critical Warning (18010): Register UART_nByte:UART_nByte_i|UART_R:UART_R_i|index[0] will power up to Low File: D:/Drew/Northwestern/EECS392/Project/EECS-392-IK/vhdl/serial/UART_R.vhd Line: 38
Info (17049): 128 registers lost all their fanouts during netlist optimizations.
Info (16010): Generating hard_block partition "hard_block:auto_generated_inst"
    Info (16011): Adding 0 node(s), including 0 DDIO, 0 PLL, 0 transceiver and 0 LCELL
Info (21057): Implemented 988 device resources after synthesis - the final resource count might be different
    Info (21058): Implemented 3 input pins
    Info (21059): Implemented 115 output pins
    Info (21061): Implemented 870 logic cells
Info: Quartus Prime Analysis & Synthesis was successful. 0 errors, 9 warnings
    Info: Peak virtual memory: 4798 megabytes
    Info: Processing ended: Wed May 30 01:14:34 2018
    Info: Elapsed time: 00:00:17
    Info: Total CPU time (on all processors): 00:00:34


